[debug] [2018-06-25T07:55:10.408Z] ----------------------------------------------------------------------
[debug] [2018-06-25T07:55:10.410Z] Command:       /usr/local/bin/node /usr/local/bin/firebase serve
[debug] [2018-06-25T07:55:10.410Z] CLI Version:   3.19.0
[debug] [2018-06-25T07:55:10.410Z] Platform:      darwin
[debug] [2018-06-25T07:55:10.410Z] Node Version:  v8.11.1
[debug] [2018-06-25T07:55:10.411Z] Time:          Mon Jun 25 2018 14:55:10 GMT+0700 (+07)
[debug] [2018-06-25T07:55:10.411Z] ----------------------------------------------------------------------
[debug] 
[debug] [2018-06-25T07:55:10.421Z] > command requires scopes: ["email","openid","https://www.googleapis.com/auth/cloudplatformprojects.readonly","https://www.googleapis.com/auth/firebase","https://www.googleapis.com/auth/cloud-platform"]
[debug] [2018-06-25T07:55:10.421Z] > authorizing via signed-in user
[debug] [2018-06-25T07:55:10.424Z] >>> HTTP REQUEST GET https://admin.firebase.com/v1/projects/my-first-pwa-90f03  
  
 Mon Jun 25 2018 14:55:10 GMT+0700 (+07)
[debug] [2018-06-25T07:55:11.545Z] <<< HTTP RESPONSE 200
[debug] [2018-06-25T07:55:11.546Z] >>> HTTP REQUEST GET https://admin.firebase.com/v1/database/my-first-pwa-90f03/tokens  
  
 Mon Jun 25 2018 14:55:11 GMT+0700 (+07)
[debug] [2018-06-25T07:55:12.401Z] <<< HTTP RESPONSE 200
[debug] [2018-06-25T07:55:12.402Z] >>> HTTP REQUEST GET https://cloudresourcemanager.googleapis.com/v1/projects/my-first-pwa-90f03  
  
 Mon Jun 25 2018 14:55:12 GMT+0700 (+07)
[debug] [2018-06-25T07:55:13.548Z] <<< HTTP RESPONSE 200
[info] 
[info] === Serving from '/Users/dinh.hiep.sy/Desktop/my-first-pwa'...
[info] 
[debug] [2018-06-25T07:55:13.549Z] >>> HTTP REQUEST GET https://mobilesdk-pa.googleapis.com/v1/projects/507883004435/clients/_:getWebAppConfig  
  
 Mon Jun 25 2018 14:55:13 GMT+0700 (+07)
[debug] [2018-06-25T07:55:14.280Z] <<< HTTP RESPONSE 200
[info] i  hosting: Serving hosting files from: /
[info] ✔  hosting: Local server: http://localhost:5000

